2023-09-14 21:03:39,675 - Logger - INFO - Сгенерированное число: 6
2023-09-14 21:03:40,844 - Logger - INFO - Попытка 1: 3
2023-09-14 21:03:40,844 - Logger - INFO - Число должно быть больше.
2023-09-14 21:03:42,201 - Logger - INFO - Попытка 2: 5
2023-09-14 21:03:42,201 - Logger - INFO - Число должно быть больше.
2023-09-14 21:03:43,729 - Logger - INFO - Попытка 3: 7
2023-09-14 21:03:43,729 - Logger - INFO - Число должно быть меньше.
2023-09-14 21:03:43,729 - Logger - INFO - Попыток больше нет.
2023-09-14 21:03:52,513 - Logger - INFO - Сгенерированное число: 5
2023-09-14 21:03:54,781 - Logger - INFO - Попытка 1: 4
2023-09-14 21:03:54,787 - Logger - INFO - Число должно быть больше.
2023-09-14 21:03:56,275 - Logger - INFO - Попытка 2: 6
2023-09-14 21:03:56,275 - Logger - INFO - Число должно быть меньше.
2023-09-14 21:03:57,540 - Logger - INFO - Попытка 3: 5
2023-09-14 21:03:57,540 - Logger - INFO - Угадал!
2023-09-14 21:04:13,990 - Logger - INFO - Сгенерированное число: 4
2023-09-14 21:04:15,632 - Logger - INFO - Попытка 1: 5
2023-09-14 21:04:15,632 - Logger - INFO - Число должно быть меньше.
2023-09-14 21:04:16,977 - Logger - INFO - Попытка 2: 3
2023-09-14 21:04:16,977 - Logger - INFO - Число должно быть больше.
2023-09-14 21:04:18,448 - Logger - INFO - Попытка 3: 4
2023-09-14 21:04:18,448 - Logger - INFO - Угадал!
